06-02-2025 14:24:24.492 [background-preinit] INFO  o.h.validator.internal.util.Version.<clinit> - HV000001: Hibernate Validator 8.0.1.Final
06-02-2025 14:24:24.535 [restartedMain] INFO  s.ngonlustory.NgonlustoryApplication.logStarting - Starting NgonlustoryApplication using Java 17.0.13 with PID 8220 (E:\RecycleSpace\webtruyen\target\classes started by truong.truongbacat10 in E:\RecycleSpace\webtruyen)
06-02-2025 14:24:24.537 [restartedMain] INFO  s.ngonlustory.NgonlustoryApplication.logStartupProfileInfo - No active profile set, falling back to 1 default profile: "default"
06-02-2025 14:24:24.587 [restartedMain] INFO  o.s.b.d.e.DevToolsPropertyDefaultsPostProcessor.logTo - Devtools property defaults active! Set 'spring.devtools.add-properties' to 'false' to disable
06-02-2025 14:24:24.588 [restartedMain] INFO  o.s.b.d.e.DevToolsPropertyDefaultsPostProcessor.logTo - For additional web related logging consider setting the 'logging.level.web' property to 'DEBUG'
06-02-2025 14:24:25.442 [restartedMain] INFO  o.s.d.r.c.RepositoryConfigurationDelegate.registerRepositoriesIn - Bootstrapping Spring Data JPA repositories in DEFAULT mode.
06-02-2025 14:24:25.540 [restartedMain] INFO  o.s.d.r.c.RepositoryConfigurationDelegate.registerRepositoriesIn - Finished Spring Data repository scanning in 89 ms. Found 16 JPA repository interfaces.
06-02-2025 14:24:26.067 [restartedMain] INFO  o.s.b.w.e.tomcat.TomcatWebServer.initialize - Tomcat initialized with port 8080 (http)
06-02-2025 14:24:26.078 [restartedMain] INFO  o.a.coyote.http11.Http11NioProtocol.log - Initializing ProtocolHandler ["http-nio-8080"]
06-02-2025 14:24:26.081 [restartedMain] INFO  o.a.catalina.core.StandardService.log - Starting service [Tomcat]
06-02-2025 14:24:26.082 [restartedMain] INFO  o.a.catalina.core.StandardEngine.log - Starting Servlet engine: [Apache Tomcat/10.1.30]
06-02-2025 14:24:26.130 [restartedMain] INFO  o.a.c.c.C.[Tomcat].[localhost].[/].log - Initializing Spring embedded WebApplicationContext
06-02-2025 14:24:26.130 [restartedMain] INFO  o.s.b.w.s.c.ServletWebServerApplicationContext.prepareWebApplicationContext - Root WebApplicationContext: initialization completed in 1542 ms
06-02-2025 14:24:26.162 [restartedMain] INFO  com.zaxxer.hikari.HikariDataSource.getConnection - HikariPool-1 - Starting...
06-02-2025 14:24:26.531 [restartedMain] INFO  com.zaxxer.hikari.pool.HikariPool.checkFailFast - HikariPool-1 - Added connection com.mysql.cj.jdbc.ConnectionImpl@3d2bb2d
06-02-2025 14:24:26.533 [restartedMain] INFO  com.zaxxer.hikari.HikariDataSource.getConnection - HikariPool-1 - Start completed.
06-02-2025 14:24:26.540 [restartedMain] INFO  o.s.b.a.h.H2ConsoleAutoConfiguration.logDataSources - H2 console available at '/h2-console'. Database available at 'jdbc:mysql://localhost:3306/ngonlustory'
06-02-2025 14:24:26.657 [restartedMain] INFO  o.h.jpa.internal.util.LogHelper.logPersistenceUnitInformation - HHH000204: Processing PersistenceUnitInfo [name: default]
06-02-2025 14:24:26.725 [restartedMain] INFO  org.hibernate.Version.logVersion - HHH000412: Hibernate ORM core version 6.5.3.Final
06-02-2025 14:24:26.775 [restartedMain] INFO  o.h.c.i.RegionFactoryInitiator.initiateService - HHH000026: Second-level cache disabled
06-02-2025 14:24:27.081 [restartedMain] INFO  o.s.o.j.p.SpringPersistenceUnitInfo.addTransformer - No LoadTimeWeaver setup: ignoring JPA class transformer
06-02-2025 14:24:27.143 [restartedMain] WARN  org.hibernate.orm.deprecation.constructDialect - HHH90000025: MySQL8Dialect does not need to be specified explicitly using 'hibernate.dialect' (remove the property setting and it will be selected by default)
06-02-2025 14:24:27.145 [restartedMain] WARN  org.hibernate.orm.deprecation.logSelectedDialect - HHH90000026: MySQL8Dialect has been deprecated; use org.hibernate.dialect.MySQLDialect instead
06-02-2025 14:24:28.238 [restartedMain] INFO  o.h.e.t.j.p.i.JtaPlatformInitiator.initiateService - HHH000489: No JTA platform available (set 'hibernate.transaction.jta.platform' to enable JTA platform integration)
06-02-2025 14:24:28.240 [restartedMain] INFO  o.s.o.j.LocalContainerEntityManagerFactoryBean.buildNativeEntityManagerFactory - Initialized JPA EntityManagerFactory for persistence unit 'default'
06-02-2025 14:24:28.813 [restartedMain] WARN  o.s.b.a.o.j.JpaBaseConfiguration$JpaWebConfiguration.openEntityManagerInViewInterceptor - spring.jpa.open-in-view is enabled by default. Therefore, database queries may be performed during view rendering. Explicitly configure spring.jpa.open-in-view to disable this warning
06-02-2025 14:24:28.910 [restartedMain] WARN  o.s.b.w.s.c.AnnotationConfigServletWebServerApplicationContext.refresh - Exception encountered during context initialization - cancelling refresh attempt: org.springframework.beans.factory.BeanCreationException: Error creating bean with name 'requestMappingHandlerMapping' defined in class path resource [org/springframework/boot/autoconfigure/web/servlet/WebMvcAutoConfiguration$EnableWebMvcConfiguration.class]: Ambiguous mapping. Cannot map 'storyController' method 
site.ngonlustory.controller.StoryController#deleteStoriesByGenre(Integer)
to {DELETE [/api/v1/auth/deleteStoryByGenre/{genreId}]}: There is already 'chaptersController' bean method
site.ngonlustory.controller.ChaptersController#deleteStoriesByGenre(Integer) mapped.
06-02-2025 14:24:28.911 [restartedMain] INFO  o.s.o.j.LocalContainerEntityManagerFactoryBean.destroy - Closing JPA EntityManagerFactory for persistence unit 'default'
06-02-2025 14:24:28.912 [restartedMain] INFO  com.zaxxer.hikari.HikariDataSource.close - HikariPool-1 - Shutdown initiated...
06-02-2025 14:24:28.925 [restartedMain] INFO  com.zaxxer.hikari.HikariDataSource.close - HikariPool-1 - Shutdown completed.
06-02-2025 14:24:28.927 [restartedMain] INFO  o.a.catalina.core.StandardService.log - Stopping service [Tomcat]
06-02-2025 14:24:28.938 [restartedMain] INFO  o.s.b.a.l.ConditionEvaluationReportLogger.logMessage - 

Error starting ApplicationContext. To display the condition evaluation report re-run your application with 'debug' enabled.
06-02-2025 14:24:28.956 [restartedMain] ERROR o.s.boot.SpringApplication.reportFailure - Application run failed
org.springframework.beans.factory.BeanCreationException: Error creating bean with name 'requestMappingHandlerMapping' defined in class path resource [org/springframework/boot/autoconfigure/web/servlet/WebMvcAutoConfiguration$EnableWebMvcConfiguration.class]: Ambiguous mapping. Cannot map 'storyController' method 
site.ngonlustory.controller.StoryController#deleteStoriesByGenre(Integer)
to {DELETE [/api/v1/auth/deleteStoryByGenre/{genreId}]}: There is already 'chaptersController' bean method
site.ngonlustory.controller.ChaptersController#deleteStoriesByGenre(Integer) mapped.
	at org.springframework.beans.factory.support.AbstractAutowireCapableBeanFactory.initializeBean(AbstractAutowireCapableBeanFactory.java:1806)
	at org.springframework.beans.factory.support.AbstractAutowireCapableBeanFactory.doCreateBean(AbstractAutowireCapableBeanFactory.java:600)
	at org.springframework.beans.factory.support.AbstractAutowireCapableBeanFactory.createBean(AbstractAutowireCapableBeanFactory.java:522)
	at org.springframework.beans.factory.support.AbstractBeanFactory.lambda$doGetBean$0(AbstractBeanFactory.java:337)
	at org.springframework.beans.factory.support.DefaultSingletonBeanRegistry.getSingleton(DefaultSingletonBeanRegistry.java:234)
	at org.springframework.beans.factory.support.AbstractBeanFactory.doGetBean(AbstractBeanFactory.java:335)
	at org.springframework.beans.factory.support.AbstractBeanFactory.getBean(AbstractBeanFactory.java:200)
	at org.springframework.beans.factory.support.DefaultListableBeanFactory.preInstantiateSingletons(DefaultListableBeanFactory.java:975)
	at org.springframework.context.support.AbstractApplicationContext.finishBeanFactoryInitialization(AbstractApplicationContext.java:971)
	at org.springframework.context.support.AbstractApplicationContext.refresh(AbstractApplicationContext.java:625)
	at org.springframework.boot.web.servlet.context.ServletWebServerApplicationContext.refresh(ServletWebServerApplicationContext.java:146)
	at org.springframework.boot.SpringApplication.refresh(SpringApplication.java:754)
	at org.springframework.boot.SpringApplication.refreshContext(SpringApplication.java:456)
	at org.springframework.boot.SpringApplication.run(SpringApplication.java:335)
	at org.springframework.boot.SpringApplication.run(SpringApplication.java:1363)
	at org.springframework.boot.SpringApplication.run(SpringApplication.java:1352)
	at site.ngonlustory.NgonlustoryApplication.main(NgonlustoryApplication.java:13)
	at java.base/jdk.internal.reflect.NativeMethodAccessorImpl.invoke0(Native Method)
	at java.base/jdk.internal.reflect.NativeMethodAccessorImpl.invoke(NativeMethodAccessorImpl.java:77)
	at java.base/jdk.internal.reflect.DelegatingMethodAccessorImpl.invoke(DelegatingMethodAccessorImpl.java:43)
	at java.base/java.lang.reflect.Method.invoke(Method.java:569)
	at org.springframework.boot.devtools.restart.RestartLauncher.run(RestartLauncher.java:50)
Caused by: java.lang.IllegalStateException: Ambiguous mapping. Cannot map 'storyController' method 
site.ngonlustory.controller.StoryController#deleteStoriesByGenre(Integer)
to {DELETE [/api/v1/auth/deleteStoryByGenre/{genreId}]}: There is already 'chaptersController' bean method
site.ngonlustory.controller.ChaptersController#deleteStoriesByGenre(Integer) mapped.
	at org.springframework.web.servlet.handler.AbstractHandlerMethodMapping$MappingRegistry.validateMethodMapping(AbstractHandlerMethodMapping.java:674)
	at org.springframework.web.servlet.handler.AbstractHandlerMethodMapping$MappingRegistry.register(AbstractHandlerMethodMapping.java:636)
	at org.springframework.web.servlet.handler.AbstractHandlerMethodMapping.registerHandlerMethod(AbstractHandlerMethodMapping.java:331)
	at org.springframework.web.servlet.mvc.method.annotation.RequestMappingHandlerMapping.registerHandlerMethod(RequestMappingHandlerMapping.java:508)
	at org.springframework.web.servlet.mvc.method.annotation.RequestMappingHandlerMapping.registerHandlerMethod(RequestMappingHandlerMapping.java:84)
	at org.springframework.web.servlet.handler.AbstractHandlerMethodMapping.lambda$detectHandlerMethods$2(AbstractHandlerMethodMapping.java:298)
	at java.base/java.util.LinkedHashMap.forEach(LinkedHashMap.java:721)
	at org.springframework.web.servlet.handler.AbstractHandlerMethodMapping.detectHandlerMethods(AbstractHandlerMethodMapping.java:296)
	at org.springframework.web.servlet.handler.AbstractHandlerMethodMapping.processCandidateBean(AbstractHandlerMethodMapping.java:265)
	at org.springframework.web.servlet.handler.AbstractHandlerMethodMapping.initHandlerMethods(AbstractHandlerMethodMapping.java:224)
	at org.springframework.web.servlet.handler.AbstractHandlerMethodMapping.afterPropertiesSet(AbstractHandlerMethodMapping.java:212)
	at org.springframework.web.servlet.mvc.method.annotation.RequestMappingHandlerMapping.afterPropertiesSet(RequestMappingHandlerMapping.java:239)
	at org.springframework.beans.factory.support.AbstractAutowireCapableBeanFactory.invokeInitMethods(AbstractAutowireCapableBeanFactory.java:1853)
	at org.springframework.beans.factory.support.AbstractAutowireCapableBeanFactory.initializeBean(AbstractAutowireCapableBeanFactory.java:1802)
	... 21 common frames omitted
06-02-2025 14:26:22.101 [background-preinit] INFO  o.h.validator.internal.util.Version.<clinit> - HV000001: Hibernate Validator 8.0.1.Final
06-02-2025 14:26:22.133 [restartedMain] INFO  s.ngonlustory.NgonlustoryApplication.logStarting - Starting NgonlustoryApplication using Java 17.0.13 with PID 20184 (E:\RecycleSpace\webtruyen\target\classes started by truong.truongbacat10 in E:\RecycleSpace\webtruyen)
06-02-2025 14:26:22.134 [restartedMain] INFO  s.ngonlustory.NgonlustoryApplication.logStartupProfileInfo - No active profile set, falling back to 1 default profile: "default"
06-02-2025 14:26:22.169 [restartedMain] INFO  o.s.b.d.e.DevToolsPropertyDefaultsPostProcessor.logTo - Devtools property defaults active! Set 'spring.devtools.add-properties' to 'false' to disable
06-02-2025 14:26:22.169 [restartedMain] INFO  o.s.b.d.e.DevToolsPropertyDefaultsPostProcessor.logTo - For additional web related logging consider setting the 'logging.level.web' property to 'DEBUG'
06-02-2025 14:26:22.772 [restartedMain] INFO  o.s.d.r.c.RepositoryConfigurationDelegate.registerRepositoriesIn - Bootstrapping Spring Data JPA repositories in DEFAULT mode.
06-02-2025 14:26:22.845 [restartedMain] INFO  o.s.d.r.c.RepositoryConfigurationDelegate.registerRepositoriesIn - Finished Spring Data repository scanning in 67 ms. Found 16 JPA repository interfaces.
06-02-2025 14:26:23.270 [restartedMain] INFO  o.s.b.w.e.tomcat.TomcatWebServer.initialize - Tomcat initialized with port 8080 (http)
06-02-2025 14:26:23.278 [restartedMain] INFO  o.a.coyote.http11.Http11NioProtocol.log - Initializing ProtocolHandler ["http-nio-8080"]
06-02-2025 14:26:23.280 [restartedMain] INFO  o.a.catalina.core.StandardService.log - Starting service [Tomcat]
06-02-2025 14:26:23.281 [restartedMain] INFO  o.a.catalina.core.StandardEngine.log - Starting Servlet engine: [Apache Tomcat/10.1.30]
06-02-2025 14:26:23.327 [restartedMain] INFO  o.a.c.c.C.[Tomcat].[localhost].[/].log - Initializing Spring embedded WebApplicationContext
06-02-2025 14:26:23.327 [restartedMain] INFO  o.s.b.w.s.c.ServletWebServerApplicationContext.prepareWebApplicationContext - Root WebApplicationContext: initialization completed in 1157 ms
06-02-2025 14:26:23.353 [restartedMain] INFO  com.zaxxer.hikari.HikariDataSource.getConnection - HikariPool-1 - Starting...
06-02-2025 14:26:23.597 [restartedMain] INFO  com.zaxxer.hikari.pool.HikariPool.checkFailFast - HikariPool-1 - Added connection com.mysql.cj.jdbc.ConnectionImpl@1da4e5c8
06-02-2025 14:26:23.599 [restartedMain] INFO  com.zaxxer.hikari.HikariDataSource.getConnection - HikariPool-1 - Start completed.
06-02-2025 14:26:23.605 [restartedMain] INFO  o.s.b.a.h.H2ConsoleAutoConfiguration.logDataSources - H2 console available at '/h2-console'. Database available at 'jdbc:mysql://localhost:3306/ngonlustory'
06-02-2025 14:26:23.698 [restartedMain] INFO  o.h.jpa.internal.util.LogHelper.logPersistenceUnitInformation - HHH000204: Processing PersistenceUnitInfo [name: default]
06-02-2025 14:26:23.744 [restartedMain] INFO  org.hibernate.Version.logVersion - HHH000412: Hibernate ORM core version 6.5.3.Final
06-02-2025 14:26:23.779 [restartedMain] INFO  o.h.c.i.RegionFactoryInitiator.initiateService - HHH000026: Second-level cache disabled
06-02-2025 14:26:24.002 [restartedMain] INFO  o.s.o.j.p.SpringPersistenceUnitInfo.addTransformer - No LoadTimeWeaver setup: ignoring JPA class transformer
06-02-2025 14:26:24.067 [restartedMain] WARN  org.hibernate.orm.deprecation.constructDialect - HHH90000025: MySQL8Dialect does not need to be specified explicitly using 'hibernate.dialect' (remove the property setting and it will be selected by default)
06-02-2025 14:26:24.068 [restartedMain] WARN  org.hibernate.orm.deprecation.logSelectedDialect - HHH90000026: MySQL8Dialect has been deprecated; use org.hibernate.dialect.MySQLDialect instead
06-02-2025 14:26:24.910 [restartedMain] INFO  o.h.e.t.j.p.i.JtaPlatformInitiator.initiateService - HHH000489: No JTA platform available (set 'hibernate.transaction.jta.platform' to enable JTA platform integration)
06-02-2025 14:26:24.912 [restartedMain] INFO  o.s.o.j.LocalContainerEntityManagerFactoryBean.buildNativeEntityManagerFactory - Initialized JPA EntityManagerFactory for persistence unit 'default'
06-02-2025 14:26:25.383 [restartedMain] WARN  o.s.b.a.o.j.JpaBaseConfiguration$JpaWebConfiguration.openEntityManagerInViewInterceptor - spring.jpa.open-in-view is enabled by default. Therefore, database queries may be performed during view rendering. Explicitly configure spring.jpa.open-in-view to disable this warning
06-02-2025 14:26:25.753 [restartedMain] INFO  o.s.b.d.a.OptionalLiveReloadServer.startServer - LiveReload server is running on port 35729
06-02-2025 14:26:25.776 [restartedMain] INFO  o.a.coyote.http11.Http11NioProtocol.log - Starting ProtocolHandler ["http-nio-8080"]
06-02-2025 14:26:25.793 [restartedMain] INFO  o.s.b.w.e.tomcat.TomcatWebServer.start - Tomcat started on port 8080 (http) with context path '/'
06-02-2025 14:26:25.804 [restartedMain] INFO  s.ngonlustory.NgonlustoryApplication.logStarted - Started NgonlustoryApplication in 4.086 seconds (process running for 4.665)
06-02-2025 14:26:25.807 [restartedMain] INFO  s.ngonlustory.NgonlustoryApplication.main - Swagger: http://localhost:8080/swagger-ui/index.html#/
06-02-2025 14:28:07.983 [SpringApplicationShutdownHook] INFO  o.s.o.j.LocalContainerEntityManagerFactoryBean.destroy - Closing JPA EntityManagerFactory for persistence unit 'default'
06-02-2025 14:28:07.986 [SpringApplicationShutdownHook] INFO  com.zaxxer.hikari.HikariDataSource.close - HikariPool-1 - Shutdown initiated...
06-02-2025 14:28:08.000 [SpringApplicationShutdownHook] INFO  com.zaxxer.hikari.HikariDataSource.close - HikariPool-1 - Shutdown completed.
